This is pdfTeX, Version 3.141592653-2.6-1.40.24 (TeX Live 2022/Arch Linux) (preloaded format=pdflatex 2022.5.7)  26 JUN 2022 21:46
entering extended mode
 restricted \write18 enabled.
 %&-line parsing enabled.
**/home/began/.sources/meltdownandspectre/mainmatter/3-meltdown.tex
(/home/began/.sources/meltdownandspectre/mainmatter/3-meltdown.tex
LaTeX2e <2021-11-15> patch level 1
L3 programming layer <2022-04-10>
! Undefined control sequence.
l.1 \section
            {Meltdown}
? 
! Emergency stop.
l.1 
    
End of file on the terminal!

 
Here is how much of TeX's memory you used:
 17 strings out of 478238
 557 string characters out of 5850457
 289994 words of memory out of 5000000
 18355 multiletter control sequences out of 15000+600000
 469259 words of font info for 28 fonts, out of 8000000 for 9000
 1141 hyphenation exceptions out of 8191
 13i,0n,12p,115b,10s stack positions out of 5000i,500n,10000p,200000b,80000s
!  ==> Fatal error occurred, no output PDF file produced!
